[0m19:43:11.336246 [debug] [MainThread]: Sending event: {'category': 'dbt', 'action': 'invocation', 'label': 'start', 'context': [<snowplow_tracker.self_describing_json.SelfDescribingJson object at 0x000001F6E54E1DD0>, <snowplow_tracker.self_describing_json.SelfDescribingJson object at 0x000001F6E5282210>, <snowplow_tracker.self_describing_json.SelfDescribingJson object at 0x000001F6E5282510>]}


============================== 19:43:11.336246 | ced70f65-fb02-4a64-8a28-9a09a8588e44 ==============================
[0m19:43:11.336246 [info ] [MainThread]: Running with dbt=1.10.13
[0m19:43:11.348339 [debug] [MainThread]: running dbt with arguments {'partial_parse': 'True', 'profiles_dir': 'C:\\Users\\yasser.sakhraoui\\.dbt', 'send_anonymous_usage_stats': 'True', 'warn_error': 'None', 'cache_selected_only': 'False', 'target_path': 'None', 'version_check': 'True', 'invocation_command': 'dbt init data_pipeline', 'log_format': 'default', 'use_colors': 'True', 'introspect': 'True', 'debug': 'False', 'log_cache_events': 'False', 'fail_fast': 'False', 'no_print': 'None', 'empty': 'None', 'quiet': 'False', 'use_experimental_parser': 'False', 'printer_width': '80', 'indirect_selection': 'eager', 'log_path': 'logs', 'write_json': 'True', 'static_parser': 'True', 'warn_error_options': 'WarnErrorOptionsV2(error=[], warn=[], silence=[])'}
[0m19:43:11.362060 [debug] [MainThread]: Starter project path: C:\Users\yasser.sakhraoui\Desktop\games_growth\.venv\Lib\site-packages\dbt\include\starter_project
[0m19:43:11.376186 [info ] [MainThread]: 
Your new dbt project "data_pipeline" was created!

For more information on how to configure the profiles.yml file,
please consult the dbt documentation here:

  https://docs.getdbt.com/docs/configure-your-profile

One more thing:

Need help? Don't hesitate to reach out to us via GitHub issues or on Slack:

  https://community.getdbt.com/

Happy modeling!

[0m19:43:11.379990 [info ] [MainThread]: Setting up your profile.
[0m19:44:35.576682 [debug] [MainThread]: Command `dbt init` succeeded at 19:44:35.576682 after 84.33 seconds
[0m19:44:35.576682 [debug] [MainThread]: Sending event: {'category': 'dbt', 'action': 'invocation', 'label': 'end', 'context': [<snowplow_tracker.self_describing_json.SelfDescribingJson object at 0x000001F6DEC2EB90>, <snowplow_tracker.self_describing_json.SelfDescribingJson object at 0x000001F6E540C610>, <snowplow_tracker.self_describing_json.SelfDescribingJson object at 0x000001F6DECAAD10>]}
[0m19:44:35.584802 [debug] [MainThread]: Flushing usage events
[0m19:44:36.596526 [debug] [MainThread]: An error was encountered while trying to flush usage events
[0m02:05:02.232130 [debug] [MainThread]: Sending event: {'category': 'dbt', 'action': 'invocation', 'label': 'start', 'context': [<snowplow_tracker.self_describing_json.SelfDescribingJson object at 0x0000019BC10D9F50>, <snowplow_tracker.self_describing_json.SelfDescribingJson object at 0x0000019BC019AB50>, <snowplow_tracker.self_describing_json.SelfDescribingJson object at 0x0000019BC10D9ED0>]}


============================== 02:05:02.239036 | b4841004-77bf-4def-a64b-30730b48862f ==============================
[0m02:05:02.239036 [info ] [MainThread]: Running with dbt=1.10.13
[0m02:05:02.240040 [debug] [MainThread]: running dbt with arguments {'partial_parse': 'True', 'write_json': 'True', 'send_anonymous_usage_stats': 'True', 'version_check': 'True', 'cache_selected_only': 'False', 'target_path': 'None', 'warn_error': 'None', 'invocation_command': 'dbt debug --profiles-dir .\\profiles\\', 'log_format': 'default', 'use_colors': 'True', 'introspect': 'True', 'debug': 'False', 'printer_width': '80', 'fail_fast': 'False', 'no_print': 'None', 'empty': 'None', 'use_experimental_parser': 'False', 'log_cache_events': 'False', 'quiet': 'False', 'indirect_selection': 'eager', 'log_path': 'logs', 'profiles_dir': '.\\profiles\\', 'static_parser': 'True', 'warn_error_options': 'WarnErrorOptionsV2(error=[], warn=[], silence=[])'}
[0m02:05:02.274123 [info ] [MainThread]: dbt version: 1.10.13
[0m02:05:02.275122 [info ] [MainThread]: python version: 3.11.9
[0m02:05:02.275122 [info ] [MainThread]: python path: C:\Users\yasser.sakhraoui\Desktop\games_growth\.venv\Scripts\python.exe
[0m02:05:02.276318 [info ] [MainThread]: os info: Windows-10-10.0.26100-SP0
[0m02:05:03.787202 [info ] [MainThread]: Using profiles dir at .\profiles\
[0m02:05:03.788219 [info ] [MainThread]: Using profiles.yml file at .\profiles\profiles.yml
[0m02:05:03.788219 [info ] [MainThread]: Using dbt_project.yml file at C:\Users\yasser.sakhraoui\Desktop\games_growth\dbt_project.yml
[0m02:05:03.789215 [info ] [MainThread]: adapter type: snowflake
[0m02:05:03.790212 [info ] [MainThread]: adapter version: 1.10.2
[0m02:05:03.790212 [info ] [MainThread]: Configuration:
[0m02:05:03.791211 [info ] [MainThread]:   profiles.yml file [[32mOK found and valid[0m]
[0m02:05:03.791211 [info ] [MainThread]:   dbt_project.yml file [[31mERROR not found[0m]
[0m02:05:03.792207 [info ] [MainThread]: Required dependencies:
[0m02:05:03.792207 [debug] [MainThread]: Executing "git --help"
[0m02:05:03.887494 [debug] [MainThread]: STDOUT: "b"usage: git [-v | --version] [-h | --help] [-C <path>] [-c <name>=<value>]\n           [--exec-path[=<path>]] [--html-path] [--man-path] [--info-path]\n           [-p | --paginate | -P | --no-pager] [--no-replace-objects] [--no-lazy-fetch]\n           [--no-optional-locks] [--no-advice] [--bare] [--git-dir=<path>]\n           [--work-tree=<path>] [--namespace=<name>] [--config-env=<name>=<envvar>]\n           <command> [<args>]\n\nThese are common Git commands used in various situations:\n\nstart a working area (see also: git help tutorial)\n   clone      Clone a repository into a new directory\n   init       Create an empty Git repository or reinitialize an existing one\n\nwork on the current change (see also: git help everyday)\n   add        Add file contents to the index\n   mv         Move or rename a file, a directory, or a symlink\n   restore    Restore working tree files\n   rm         Remove files from the working tree and from the index\n\nexamine the history and state (see also: git help revisions)\n   bisect     Use binary search to find the commit that introduced a bug\n   diff       Show changes between commits, commit and working tree, etc\n   grep       Print lines matching a pattern\n   log        Show commit logs\n   show       Show various types of objects\n   status     Show the working tree status\n\ngrow, mark and tweak your common history\n   backfill   Download missing objects in a partial clone\n   branch     List, create, or delete branches\n   commit     Record changes to the repository\n   merge      Join two or more development histories together\n   rebase     Reapply commits on top of another base tip\n   reset      Reset current HEAD to the specified state\n   switch     Switch branches\n   tag        Create, list, delete or verify a tag object signed with GPG\n\ncollaborate (see also: git help workflows)\n   fetch      Download objects and refs from another repository\n   pull       Fetch from and integrate with another repository or a local branch\n   push       Update remote refs along with associated objects\n\n'git help -a' and 'git help -g' list available subcommands and some\nconcept guides. See 'git help <command>' or 'git help <concept>'\nto read about a specific subcommand or concept.\nSee 'git help git' for an overview of the system.\n""
[0m02:05:03.888530 [debug] [MainThread]: STDERR: "b''"
[0m02:05:03.888530 [info ] [MainThread]:  - git [[32mOK found[0m]

[0m02:05:03.889521 [info ] [MainThread]: Connection:
[0m02:05:03.890496 [info ] [MainThread]:   account: kqqgpfc-cp04026
[0m02:05:03.890496 [info ] [MainThread]:   user: yasser
[0m02:05:03.891494 [info ] [MainThread]:   database: gg_db
[0m02:05:03.891494 [info ] [MainThread]:   warehouse: gg_wh
[0m02:05:03.892494 [info ] [MainThread]:   role: gg_role
[0m02:05:03.893493 [info ] [MainThread]:   schema: gg_schema
[0m02:05:03.894263 [info ] [MainThread]:   authenticator: None
[0m02:05:03.894803 [info ] [MainThread]:   oauth_client_id: None
[0m02:05:03.894803 [info ] [MainThread]:   query_tag: None
[0m02:05:03.895846 [info ] [MainThread]:   client_session_keep_alive: False
[0m02:05:03.895846 [info ] [MainThread]:   host: None
[0m02:05:03.896850 [info ] [MainThread]:   port: None
[0m02:05:03.897378 [info ] [MainThread]:   proxy_host: None
[0m02:05:03.898402 [info ] [MainThread]:   proxy_port: None
[0m02:05:03.898402 [info ] [MainThread]:   protocol: None
[0m02:05:03.899397 [info ] [MainThread]:   connect_retries: 1
[0m02:05:03.899397 [info ] [MainThread]:   connect_timeout: None
[0m02:05:03.900390 [info ] [MainThread]:   retry_on_database_errors: False
[0m02:05:03.901395 [info ] [MainThread]:   retry_all: False
[0m02:05:03.902394 [info ] [MainThread]:   insecure_mode: False
[0m02:05:03.903434 [info ] [MainThread]:   reuse_connections: True
[0m02:05:03.903434 [info ] [MainThread]:   s3_stage_vpce_dns_name: None
[0m02:05:03.904973 [info ] [MainThread]: Registered adapter: snowflake=1.10.2
[0m02:05:04.245971 [debug] [MainThread]: Acquiring new snowflake connection 'debug'
[0m02:05:04.419166 [debug] [MainThread]: Using snowflake connection "debug"
[0m02:05:04.420055 [debug] [MainThread]: On debug: select 1 as id
[0m02:05:04.420055 [debug] [MainThread]: Opening a new connection, currently in state init
[0m02:05:07.070604 [debug] [MainThread]: SQL status: SUCCESS 1 in 2.650 seconds
[0m02:05:07.071653 [info ] [MainThread]:   Connection test: [[32mOK connection ok[0m]

[0m02:05:07.072656 [info ] [MainThread]: [31m1 check failed:[0m
[0m02:05:07.072656 [info ] [MainThread]: Project loading failed for the following reason:
 project path <C:\Users\yasser.sakhraoui\Desktop\games_growth\dbt_project.yml> not found

[0m02:05:07.073650 [debug] [MainThread]: Command `dbt debug` failed at 02:05:07.073650 after 4.95 seconds
[0m02:05:07.073650 [debug] [MainThread]: Connection 'debug' was left open.
[0m02:05:07.075165 [debug] [MainThread]: On debug: Close
[0m02:05:07.123558 [debug] [MainThread]: Sending event: {'category': 'dbt', 'action': 'invocation', 'label': 'end', 'context': [<snowplow_tracker.self_describing_json.SelfDescribingJson object at 0x0000019BC10CB950>, <snowplow_tracker.self_describing_json.SelfDescribingJson object at 0x0000019BC10CBB90>, <snowplow_tracker.self_describing_json.SelfDescribingJson object at 0x0000019BC10CBE90>]}
[0m02:05:07.123558 [debug] [MainThread]: Flushing usage events
[0m02:05:07.870144 [debug] [MainThread]: An error was encountered while trying to flush usage events
[0m02:05:50.395762 [debug] [MainThread]: Sending event: {'category': 'dbt', 'action': 'invocation', 'label': 'start', 'context': [<snowplow_tracker.self_describing_json.SelfDescribingJson object at 0x000001D641D1AC10>, <snowplow_tracker.self_describing_json.SelfDescribingJson object at 0x000001D645DC2E50>, <snowplow_tracker.self_describing_json.SelfDescribingJson object at 0x000001D645D8BE50>]}


============================== 02:05:50.400015 | 90370127-0881-482b-a90d-bf317234c803 ==============================
[0m02:05:50.400015 [info ] [MainThread]: Running with dbt=1.10.13
[0m02:05:50.400999 [debug] [MainThread]: running dbt with arguments {'partial_parse': 'True', 'static_parser': 'True', 'send_anonymous_usage_stats': 'True', 'warn_error': 'None', 'cache_selected_only': 'False', 'target_path': 'None', 'use_colors': 'True', 'invocation_command': 'dbt debug --profiles-dir .\\profiles\\', 'log_format': 'default', 'version_check': 'True', 'introspect': 'True', 'debug': 'False', 'log_cache_events': 'False', 'fail_fast': 'False', 'no_print': 'None', 'empty': 'None', 'use_experimental_parser': 'False', 'quiet': 'False', 'printer_width': '80', 'indirect_selection': 'eager', 'log_path': 'logs', 'write_json': 'True', 'warn_error_options': 'WarnErrorOptionsV2(error=[], warn=[], silence=[])', 'profiles_dir': '.\\profiles\\'}
[0m02:05:50.413951 [info ] [MainThread]: dbt version: 1.10.13
[0m02:05:50.416128 [info ] [MainThread]: python version: 3.11.9
[0m02:05:50.416128 [info ] [MainThread]: python path: C:\Users\yasser.sakhraoui\Desktop\games_growth\.venv\Scripts\python.exe
[0m02:05:50.416128 [info ] [MainThread]: os info: Windows-10-10.0.26100-SP0
[0m02:05:50.420689 [info ] [MainThread]: Using profiles dir at .\profiles\
[0m02:05:50.420987 [info ] [MainThread]: Using profiles.yml file at .\profiles\profiles.yml
[0m02:05:50.420987 [info ] [MainThread]: Using dbt_project.yml file at C:\Users\yasser.sakhraoui\Desktop\games_growth\dbt_project.yml
[0m02:05:50.421995 [info ] [MainThread]: Configuration:
[0m02:05:50.422993 [info ] [MainThread]:   profiles.yml file [[31mERROR invalid[0m]
[0m02:05:50.423375 [info ] [MainThread]:   dbt_project.yml file [[31mERROR not found[0m]
[0m02:05:50.423375 [info ] [MainThread]: Required dependencies:
[0m02:05:50.424412 [debug] [MainThread]: Executing "git --help"
[0m02:05:50.507395 [debug] [MainThread]: STDOUT: "b"usage: git [-v | --version] [-h | --help] [-C <path>] [-c <name>=<value>]\n           [--exec-path[=<path>]] [--html-path] [--man-path] [--info-path]\n           [-p | --paginate | -P | --no-pager] [--no-replace-objects] [--no-lazy-fetch]\n           [--no-optional-locks] [--no-advice] [--bare] [--git-dir=<path>]\n           [--work-tree=<path>] [--namespace=<name>] [--config-env=<name>=<envvar>]\n           <command> [<args>]\n\nThese are common Git commands used in various situations:\n\nstart a working area (see also: git help tutorial)\n   clone      Clone a repository into a new directory\n   init       Create an empty Git repository or reinitialize an existing one\n\nwork on the current change (see also: git help everyday)\n   add        Add file contents to the index\n   mv         Move or rename a file, a directory, or a symlink\n   restore    Restore working tree files\n   rm         Remove files from the working tree and from the index\n\nexamine the history and state (see also: git help revisions)\n   bisect     Use binary search to find the commit that introduced a bug\n   diff       Show changes between commits, commit and working tree, etc\n   grep       Print lines matching a pattern\n   log        Show commit logs\n   show       Show various types of objects\n   status     Show the working tree status\n\ngrow, mark and tweak your common history\n   backfill   Download missing objects in a partial clone\n   branch     List, create, or delete branches\n   commit     Record changes to the repository\n   merge      Join two or more development histories together\n   rebase     Reapply commits on top of another base tip\n   reset      Reset current HEAD to the specified state\n   switch     Switch branches\n   tag        Create, list, delete or verify a tag object signed with GPG\n\ncollaborate (see also: git help workflows)\n   fetch      Download objects and refs from another repository\n   pull       Fetch from and integrate with another repository or a local branch\n   push       Update remote refs along with associated objects\n\n'git help -a' and 'git help -g' list available subcommands and some\nconcept guides. See 'git help <command>' or 'git help <concept>'\nto read about a specific subcommand or concept.\nSee 'git help git' for an overview of the system.\n""
[0m02:05:50.551354 [debug] [MainThread]: STDERR: "b''"
[0m02:05:50.552580 [info ] [MainThread]:  - git [[32mOK found[0m]

[0m02:05:50.552580 [info ] [MainThread]: Connection test skipped since no profile was found
[0m02:05:50.553570 [info ] [MainThread]: [31m2 checks failed:[0m
[0m02:05:50.555113 [info ] [MainThread]: Could not load dbt_project.yml
Profile loading failed for the following reason:
Runtime Error
  The profile 'data_pipeline' does not have a target named 'dev'. The valid target names for this profile are:
   - gg_redshift


[0m02:05:50.556122 [info ] [MainThread]: Project loading failed for the following reason:
 project path <C:\Users\yasser.sakhraoui\Desktop\games_growth\dbt_project.yml> not found

[0m02:05:50.558301 [debug] [MainThread]: Command `dbt debug` failed at 02:05:50.557120 after 0.27 seconds
[0m02:05:50.558301 [debug] [MainThread]: Sending event: {'category': 'dbt', 'action': 'invocation', 'label': 'end', 'context': [<snowplow_tracker.self_describing_json.SelfDescribingJson object at 0x000001D645D8BC90>, <snowplow_tracker.self_describing_json.SelfDescribingJson object at 0x000001D645D8B9D0>, <snowplow_tracker.self_describing_json.SelfDescribingJson object at 0x000001D645D8BA50>]}
[0m02:05:50.559298 [debug] [MainThread]: Flushing usage events
[0m02:05:51.286964 [debug] [MainThread]: An error was encountered while trying to flush usage events
[0m02:07:13.602980 [debug] [MainThread]: Sending event: {'category': 'dbt', 'action': 'invocation', 'label': 'start', 'context': [<snowplow_tracker.self_describing_json.SelfDescribingJson object at 0x0000024E43BB3050>, <snowplow_tracker.self_describing_json.SelfDescribingJson object at 0x0000024E43C178D0>, <snowplow_tracker.self_describing_json.SelfDescribingJson object at 0x0000024E43BB31D0>]}


============================== 02:07:13.606494 | 1e832f60-f96e-4bb4-b06b-2cbaed57ca7d ==============================
[0m02:07:13.606494 [info ] [MainThread]: Running with dbt=1.10.13
[0m02:07:13.607501 [debug] [MainThread]: running dbt with arguments {'partial_parse': 'True', 'warn_error_options': 'WarnErrorOptionsV2(error=[], warn=[], silence=[])', 'send_anonymous_usage_stats': 'True', 'version_check': 'True', 'cache_selected_only': 'False', 'target_path': 'None', 'warn_error': 'None', 'invocation_command': 'dbt debug --profiles-dir .\\profiles\\', 'log_format': 'default', 'use_colors': 'True', 'introspect': 'True', 'debug': 'False', 'log_cache_events': 'False', 'fail_fast': 'False', 'no_print': 'None', 'empty': 'None', 'use_experimental_parser': 'False', 'quiet': 'False', 'printer_width': '80', 'indirect_selection': 'eager', 'log_path': 'logs', 'profiles_dir': '.\\profiles\\', 'static_parser': 'True', 'write_json': 'True'}
[0m02:07:13.622160 [info ] [MainThread]: dbt version: 1.10.13
[0m02:07:13.623053 [info ] [MainThread]: python version: 3.11.9
[0m02:07:13.623053 [info ] [MainThread]: python path: C:\Users\yasser.sakhraoui\Desktop\games_growth\.venv\Scripts\python.exe
[0m02:07:13.624564 [info ] [MainThread]: os info: Windows-10-10.0.26100-SP0
[0m02:07:13.625570 [info ] [MainThread]: Using profiles dir at .\profiles\
[0m02:07:13.626572 [info ] [MainThread]: Using profiles.yml file at .\profiles\profiles.yml
[0m02:07:13.627578 [info ] [MainThread]: Using dbt_project.yml file at C:\Users\yasser.sakhraoui\Desktop\games_growth\dbt_project.yml
[0m02:07:13.627578 [info ] [MainThread]: Configuration:
[0m02:07:13.627578 [info ] [MainThread]:   profiles.yml file [[31mERROR not found[0m]
[0m02:07:13.628783 [info ] [MainThread]:   dbt_project.yml file [[31mERROR not found[0m]
[0m02:07:13.628783 [info ] [MainThread]: Required dependencies:
[0m02:07:13.628783 [debug] [MainThread]: Executing "git --help"
[0m02:07:13.709873 [debug] [MainThread]: STDOUT: "b"usage: git [-v | --version] [-h | --help] [-C <path>] [-c <name>=<value>]\n           [--exec-path[=<path>]] [--html-path] [--man-path] [--info-path]\n           [-p | --paginate | -P | --no-pager] [--no-replace-objects] [--no-lazy-fetch]\n           [--no-optional-locks] [--no-advice] [--bare] [--git-dir=<path>]\n           [--work-tree=<path>] [--namespace=<name>] [--config-env=<name>=<envvar>]\n           <command> [<args>]\n\nThese are common Git commands used in various situations:\n\nstart a working area (see also: git help tutorial)\n   clone      Clone a repository into a new directory\n   init       Create an empty Git repository or reinitialize an existing one\n\nwork on the current change (see also: git help everyday)\n   add        Add file contents to the index\n   mv         Move or rename a file, a directory, or a symlink\n   restore    Restore working tree files\n   rm         Remove files from the working tree and from the index\n\nexamine the history and state (see also: git help revisions)\n   bisect     Use binary search to find the commit that introduced a bug\n   diff       Show changes between commits, commit and working tree, etc\n   grep       Print lines matching a pattern\n   log        Show commit logs\n   show       Show various types of objects\n   status     Show the working tree status\n\ngrow, mark and tweak your common history\n   backfill   Download missing objects in a partial clone\n   branch     List, create, or delete branches\n   commit     Record changes to the repository\n   merge      Join two or more development histories together\n   rebase     Reapply commits on top of another base tip\n   reset      Reset current HEAD to the specified state\n   switch     Switch branches\n   tag        Create, list, delete or verify a tag object signed with GPG\n\ncollaborate (see also: git help workflows)\n   fetch      Download objects and refs from another repository\n   pull       Fetch from and integrate with another repository or a local branch\n   push       Update remote refs along with associated objects\n\n'git help -a' and 'git help -g' list available subcommands and some\nconcept guides. See 'git help <command>' or 'git help <concept>'\nto read about a specific subcommand or concept.\nSee 'git help git' for an overview of the system.\n""
[0m02:07:13.709873 [debug] [MainThread]: STDERR: "b''"
[0m02:07:13.709873 [info ] [MainThread]:  - git [[32mOK found[0m]

[0m02:07:13.711380 [info ] [MainThread]: Connection test skipped since no profile was found
[0m02:07:13.712392 [info ] [MainThread]: [31m2 checks failed:[0m
[0m02:07:13.713393 [info ] [MainThread]: dbt looked for a profiles.yml file in .\profiles\profiles.yml, but did
not find one. For more information on configuring your profile, consult the
documentation:

https://docs.getdbt.com/docs/configure-your-profile


[0m02:07:13.713393 [info ] [MainThread]: Project loading failed for the following reason:
 project path <C:\Users\yasser.sakhraoui\Desktop\games_growth\dbt_project.yml> not found

[0m02:07:13.714906 [debug] [MainThread]: Command `dbt debug` failed at 02:07:13.714906 after 0.20 seconds
[0m02:07:13.714906 [debug] [MainThread]: Sending event: {'category': 'dbt', 'action': 'invocation', 'label': 'end', 'context': [<snowplow_tracker.self_describing_json.SelfDescribingJson object at 0x0000024E43C2B6D0>, <snowplow_tracker.self_describing_json.SelfDescribingJson object at 0x0000024E43BEAA50>, <snowplow_tracker.self_describing_json.SelfDescribingJson object at 0x0000024E43BAB9D0>]}
[0m02:07:13.715922 [debug] [MainThread]: Flushing usage events
[0m02:07:14.468778 [debug] [MainThread]: An error was encountered while trying to flush usage events
[0m02:07:25.713978 [debug] [MainThread]: Sending event: {'category': 'dbt', 'action': 'invocation', 'label': 'start', 'context': [<snowplow_tracker.self_describing_json.SelfDescribingJson object at 0x0000023FBBA215D0>, <snowplow_tracker.self_describing_json.SelfDescribingJson object at 0x0000023FBC8C0550>, <snowplow_tracker.self_describing_json.SelfDescribingJson object at 0x0000023FBC8C00D0>]}


============================== 02:07:25.716491 | a876a298-e167-4a7d-b2b6-e9800e6db360 ==============================
[0m02:07:25.716491 [info ] [MainThread]: Running with dbt=1.10.13
[0m02:07:25.717938 [debug] [MainThread]: running dbt with arguments {'partial_parse': 'True', 'static_parser': 'True', 'send_anonymous_usage_stats': 'True', 'warn_error': 'None', 'cache_selected_only': 'False', 'target_path': 'None', 'use_colors': 'True', 'invocation_command': 'dbt debug --profiles-dir .\\dags\\profiles\\', 'log_format': 'default', 'version_check': 'True', 'introspect': 'True', 'debug': 'False', 'printer_width': '80', 'fail_fast': 'False', 'no_print': 'None', 'use_experimental_parser': 'False', 'log_cache_events': 'False', 'empty': 'None', 'quiet': 'False', 'log_path': 'logs', 'indirect_selection': 'eager', 'profiles_dir': '.\\dags\\profiles\\', 'warn_error_options': 'WarnErrorOptionsV2(error=[], warn=[], silence=[])', 'write_json': 'True'}
[0m02:07:25.732901 [info ] [MainThread]: dbt version: 1.10.13
[0m02:07:25.733521 [info ] [MainThread]: python version: 3.11.9
[0m02:07:25.734124 [info ] [MainThread]: python path: C:\Users\yasser.sakhraoui\Desktop\games_growth\.venv\Scripts\python.exe
[0m02:07:25.734792 [info ] [MainThread]: os info: Windows-10-10.0.26100-SP0
[0m02:07:25.738511 [info ] [MainThread]: Using profiles dir at .\dags\profiles\
[0m02:07:25.738511 [info ] [MainThread]: Using profiles.yml file at .\dags\profiles\profiles.yml
[0m02:07:25.741035 [info ] [MainThread]: Using dbt_project.yml file at C:\Users\yasser.sakhraoui\Desktop\games_growth\dbt_project.yml
[0m02:07:25.742089 [info ] [MainThread]: Configuration:
[0m02:07:25.742089 [info ] [MainThread]:   profiles.yml file [[31mERROR invalid[0m]
[0m02:07:25.743382 [info ] [MainThread]:   dbt_project.yml file [[31mERROR not found[0m]
[0m02:07:25.743382 [info ] [MainThread]: Required dependencies:
[0m02:07:25.745004 [debug] [MainThread]: Executing "git --help"
[0m02:07:25.822439 [debug] [MainThread]: STDOUT: "b"usage: git [-v | --version] [-h | --help] [-C <path>] [-c <name>=<value>]\n           [--exec-path[=<path>]] [--html-path] [--man-path] [--info-path]\n           [-p | --paginate | -P | --no-pager] [--no-replace-objects] [--no-lazy-fetch]\n           [--no-optional-locks] [--no-advice] [--bare] [--git-dir=<path>]\n           [--work-tree=<path>] [--namespace=<name>] [--config-env=<name>=<envvar>]\n           <command> [<args>]\n\nThese are common Git commands used in various situations:\n\nstart a working area (see also: git help tutorial)\n   clone      Clone a repository into a new directory\n   init       Create an empty Git repository or reinitialize an existing one\n\nwork on the current change (see also: git help everyday)\n   add        Add file contents to the index\n   mv         Move or rename a file, a directory, or a symlink\n   restore    Restore working tree files\n   rm         Remove files from the working tree and from the index\n\nexamine the history and state (see also: git help revisions)\n   bisect     Use binary search to find the commit that introduced a bug\n   diff       Show changes between commits, commit and working tree, etc\n   grep       Print lines matching a pattern\n   log        Show commit logs\n   show       Show various types of objects\n   status     Show the working tree status\n\ngrow, mark and tweak your common history\n   backfill   Download missing objects in a partial clone\n   branch     List, create, or delete branches\n   commit     Record changes to the repository\n   merge      Join two or more development histories together\n   rebase     Reapply commits on top of another base tip\n   reset      Reset current HEAD to the specified state\n   switch     Switch branches\n   tag        Create, list, delete or verify a tag object signed with GPG\n\ncollaborate (see also: git help workflows)\n   fetch      Download objects and refs from another repository\n   pull       Fetch from and integrate with another repository or a local branch\n   push       Update remote refs along with associated objects\n\n'git help -a' and 'git help -g' list available subcommands and some\nconcept guides. See 'git help <command>' or 'git help <concept>'\nto read about a specific subcommand or concept.\nSee 'git help git' for an overview of the system.\n""
[0m02:07:25.823440 [debug] [MainThread]: STDERR: "b''"
[0m02:07:25.824947 [info ] [MainThread]:  - git [[32mOK found[0m]

[0m02:07:25.824947 [info ] [MainThread]: Connection test skipped since no profile was found
[0m02:07:25.825954 [info ] [MainThread]: [31m2 checks failed:[0m
[0m02:07:25.826958 [info ] [MainThread]: Could not load dbt_project.yml
Profile loading failed for the following reason:
Runtime Error
  The profile 'data_pipeline' does not have a target named 'dev'. The valid target names for this profile are:
   - gg_redshift


[0m02:07:25.827371 [info ] [MainThread]: Project loading failed for the following reason:
 project path <C:\Users\yasser.sakhraoui\Desktop\games_growth\dbt_project.yml> not found

[0m02:07:25.828380 [debug] [MainThread]: Command `dbt debug` failed at 02:07:25.828380 after 0.20 seconds
[0m02:07:25.829433 [debug] [MainThread]: Sending event: {'category': 'dbt', 'action': 'invocation', 'label': 'end', 'context': [<snowplow_tracker.self_describing_json.SelfDescribingJson object at 0x0000023FBC8BB910>, <snowplow_tracker.self_describing_json.SelfDescribingJson object at 0x0000023FBC8BBC50>, <snowplow_tracker.self_describing_json.SelfDescribingJson object at 0x0000023FBC8BB9D0>]}
[0m02:07:25.829433 [debug] [MainThread]: Flushing usage events
[0m02:07:26.520433 [debug] [MainThread]: An error was encountered while trying to flush usage events
[0m02:11:36.147040 [debug] [MainThread]: Sending event: {'category': 'dbt', 'action': 'invocation', 'label': 'start', 'context': [<snowplow_tracker.self_describing_json.SelfDescribingJson object at 0x000001218236FFD0>, <snowplow_tracker.self_describing_json.SelfDescribingJson object at 0x000001218210EE50>, <snowplow_tracker.self_describing_json.SelfDescribingJson object at 0x000001218228D8D0>]}


============================== 02:11:36.150373 | 938481e4-9be5-43de-a652-ad93a96138df ==============================
[0m02:11:36.150373 [info ] [MainThread]: Running with dbt=1.10.13
[0m02:11:36.151371 [debug] [MainThread]: running dbt with arguments {'partial_parse': 'True', 'warn_error_options': 'WarnErrorOptionsV2(error=[], warn=[], silence=[])', 'send_anonymous_usage_stats': 'True', 'version_check': 'True', 'cache_selected_only': 'False', 'target_path': 'None', 'use_colors': 'True', 'invocation_command': 'dbt run -s .\\dags\\data_pipeline\\models\\staging\\redshift_reg.sql --target gg_redshift', 'log_format': 'default', 'warn_error': 'None', 'introspect': 'True', 'debug': 'False', 'log_cache_events': 'False', 'fail_fast': 'False', 'no_print': 'None', 'use_experimental_parser': 'False', 'quiet': 'False', 'empty': 'False', 'printer_width': '80', 'log_path': 'logs', 'indirect_selection': 'eager', 'write_json': 'True', 'static_parser': 'True', 'profiles_dir': 'C:\\Users\\yasser.sakhraoui\\.dbt'}
[0m02:11:36.152373 [error] [MainThread]: Encountered an error:
Runtime Error
  No dbt_project.yml found at expected path C:\Users\yasser.sakhraoui\Desktop\games_growth\dbt_project.yml
  Verify that each entry within packages.yml (and their transitive dependencies) contains a file named dbt_project.yml
  
[0m02:11:36.153372 [debug] [MainThread]: Command `dbt run` failed at 02:11:36.153372 after 0.10 seconds
[0m02:11:36.155894 [debug] [MainThread]: Sending event: {'category': 'dbt', 'action': 'invocation', 'label': 'end', 'context': [<snowplow_tracker.self_describing_json.SelfDescribingJson object at 0x000001218236BF10>, <snowplow_tracker.self_describing_json.SelfDescribingJson object at 0x000001218236BB90>, <snowplow_tracker.self_describing_json.SelfDescribingJson object at 0x000001218236BBD0>]}
[0m02:11:36.157243 [debug] [MainThread]: Flushing usage events
[0m02:11:36.885727 [debug] [MainThread]: An error was encountered while trying to flush usage events
